[2026-05-05 22:15:21] Monitoring queue started. {"runId":1,"batchSize":2,"force":true}
[2026-05-05 22:15:21] Monitoring queue selected projects. {"runId":1,"projectIds":[3,4]}
[2026-05-05 22:15:22] Monitoring queue finished. {"runId":1,"checked":2,"skipped":0,"errors":0,"durationMs":287}
[2026-05-05 22:15:29] Monitoring cleanup finished. {"retentionDays":30,"deletedChecks":0,"deletedRuns":0}
[2026-05-05 22:15:40] Monitoring cleanup finished. {"retentionDays":99999,"deletedChecks":0,"deletedRuns":0}
[2026-05-05 22:15:51] Monitoring queue started. {"runId":2,"batchSize":1,"force":true}
[2026-05-05 22:15:51] Monitoring queue selected projects. {"runId":2,"projectIds":[3]}
[2026-05-05 22:15:53] Monitoring queue finished. {"runId":2,"checked":1,"skipped":0,"errors":0,"durationMs":1881}
[2026-05-05 22:15:53] Monitoring cleanup finished. {"retentionDays":99999,"deletedChecks":0,"deletedRuns":0}
[2026-05-07 11:07:11] Monitoring queue started. {"runId":3,"batchSize":3,"force":true}
[2026-05-07 11:07:11] Monitoring queue selected projects. {"runId":3,"projectIds":[4,2,1]}
[2026-05-07 11:07:26] Monitoring queue finished. {"runId":3,"checked":3,"skipped":0,"errors":0,"durationMs":14326}
[2026-05-07 11:11:29] Monitoring queue started. {"runId":4,"batchSize":3,"force":true}
[2026-05-07 11:11:29] Monitoring queue selected projects. {"runId":4,"projectIds":[3,4,2]}
[2026-05-07 11:11:29] Monitoring queue finished. {"runId":4,"checked":3,"skipped":0,"errors":0,"durationMs":564}
[2026-05-07 11:12:30] Monitoring queue started. {"runId":5,"batchSize":3,"force":true}
[2026-05-07 11:12:30] Monitoring queue selected projects. {"runId":5,"projectIds":[3,2,4]}
[2026-05-07 11:12:30] Monitoring queue finished. {"runId":5,"checked":3,"skipped":0,"errors":0,"durationMs":305}
[2026-05-07 11:13:15] Monitoring queue started. {"runId":6,"batchSize":3,"force":true}
[2026-05-07 11:13:15] Monitoring queue selected projects. {"runId":6,"projectIds":[3,2,4]}
[2026-05-07 11:13:15] Monitoring queue finished. {"runId":6,"checked":3,"skipped":0,"errors":0,"durationMs":183}
[2026-05-07 15:51:30] Manual monitoring queue failed. {"exitCode":3,"durationMs":308}
[2026-05-07 15:52:06] Manual monitoring queue failed. {"exitCode":3,"durationMs":402}
[2026-05-07 15:52:58] Monitoring queue started. {"runId":7,"batchSize":3,"force":true}
[2026-05-07 15:52:58] Monitoring queue selected projects. {"runId":7,"projectIds":[2,3,4]}
[2026-05-07 15:53:00] Monitoring queue finished. {"runId":7,"checked":3,"skipped":0,"errors":0,"durationMs":1590}
[2026-05-07 15:53:37] Monitoring queue started. {"runId":8,"batchSize":3,"force":true}
[2026-05-07 15:53:37] Monitoring queue selected projects. {"runId":8,"projectIds":[2,3,4]}
[2026-05-07 15:53:37] Monitoring queue finished. {"runId":8,"checked":3,"skipped":0,"errors":0,"durationMs":104}
[2026-05-07 15:55:46] Monitoring queue started. {"runId":9,"batchSize":3,"force":true}
[2026-05-07 15:55:46] Monitoring queue selected projects. {"runId":9,"projectIds":[2,3,4]}
[2026-05-07 15:55:49] Monitoring queue finished. {"runId":9,"checked":3,"skipped":0,"errors":0,"durationMs":3930}
[2026-05-07 15:59:38] Monitoring queue started. {"runId":10,"batchSize":3,"force":true}
[2026-05-07 15:59:38] Monitoring queue selected projects. {"runId":10,"projectIds":[1,2,3]}
[2026-05-07 15:59:41] Monitoring queue finished. {"runId":10,"checked":3,"skipped":0,"errors":0,"durationMs":3225}
[2026-05-07 17:46:36] Monitoring queue started. {"runId":11,"batchSize":3,"force":true}
[2026-05-07 17:46:36] Monitoring queue selected projects. {"runId":11,"projectIds":[4,1,2]}
[2026-05-07 17:46:40] Monitoring queue finished. {"runId":11,"checked":3,"skipped":0,"errors":0,"durationMs":4270}
[2026-05-07 18:23:38] Monitoring queue started. {"runId":12,"batchSize":3,"force":true}
[2026-05-07 18:23:38] Monitoring queue selected projects. {"runId":12,"projectIds":[3,4,1]}
[2026-05-07 18:23:42] Monitoring queue finished. {"runId":12,"checked":3,"skipped":0,"errors":0,"durationMs":3878}
[2026-05-07 18:34:04] Monitoring queue started. {"runId":13,"batchSize":3,"force":true}
[2026-05-07 18:34:04] Monitoring queue selected projects. {"runId":13,"projectIds":[2,3,4]}
[2026-05-07 18:34:08] Monitoring queue finished. {"runId":13,"checked":3,"skipped":0,"errors":0,"durationMs":3991}
[2026-05-07 19:31:28] Monitoring queue started. {"runId":14,"batchSize":3,"force":true}
[2026-05-07 19:31:28] Monitoring queue selected projects. {"runId":14,"projectIds":[1,2,3]}
[2026-05-07 19:31:32] Monitoring queue finished. {"runId":14,"checked":3,"skipped":0,"errors":0,"durationMs":3868}
[2026-05-07 19:48:03] Monitoring queue started. {"runId":15,"batchSize":3,"force":true}
[2026-05-07 19:48:03] Monitoring queue selected projects. {"runId":15,"projectIds":[4,1,2]}
[2026-05-07 19:48:07] Monitoring queue finished. {"runId":15,"checked":3,"skipped":0,"errors":0,"durationMs":4042}
[2026-05-07 19:48:07] Monitoring queue started. {"runId":16,"batchSize":3,"force":true}
[2026-05-07 19:48:07] Monitoring queue selected projects. {"runId":16,"projectIds":[3,4,1]}
[2026-05-07 19:48:10] Monitoring queue finished. {"runId":16,"checked":3,"skipped":0,"errors":0,"durationMs":3400}
[2026-05-11 14:50:44] Monitoring queue started. {"runId":17,"batchSize":3,"force":true}
[2026-05-11 14:50:44] Monitoring queue selected projects. {"runId":17,"projectIds":[2,3,4]}
[2026-05-11 14:50:53] Monitoring queue finished. {"runId":17,"checked":3,"skipped":0,"errors":0,"durationMs":9238}
[2026-05-13 21:19:55] Monitoring queue started. {"runId":17,"batchSize":3,"force":true}
[2026-05-13 21:19:55] Monitoring queue selected projects. {"runId":17,"projectIds":[2,3,4]}
[2026-05-13 21:20:01] Monitoring queue finished. {"runId":17,"checked":3,"skipped":0,"errors":0,"durationMs":5897}
[2026-05-13 21:31:14] Monitoring queue started. {"runId":18,"batchSize":1,"force":true}
[2026-05-13 21:31:14] Monitoring queue selected projects. {"runId":18,"projectIds":[1]}
[2026-05-13 21:31:14] Monitoring cleanup finished. {"retentionDays":30,"deletedChecks":0,"deletedRuns":0,"deletedResolvedAlerts":0}
[2026-05-13 21:31:14] Monitoring queue finished. {"runId":18,"checked":1,"skipped":0,"errors":0,"durationMs":267}
[2026-05-13 22:53:05] Monitoring queue started. {"runId":19,"batchSize":3,"force":true}
[2026-05-13 22:53:05] Monitoring queue selected projects. {"runId":19,"projectIds":[1,2,3]}
[2026-05-13 22:53:11] Monitoring queue finished. {"runId":19,"checked":3,"skipped":0,"errors":0,"durationMs":5341}
[2026-05-14 22:51:01] Monitoring queue started. {"runId":20,"batchSize":3,"force":true}
[2026-05-14 22:51:02] Monitoring queue selected projects. {"runId":20,"projectIds":[4,1,2]}
[2026-05-14 22:51:08] Monitoring queue finished. {"runId":20,"checked":3,"skipped":0,"errors":0,"durationMs":6072}
[2026-05-14 23:10:27] Monitoring queue started. {"runId":21,"batchSize":3,"force":true}
[2026-05-14 23:10:27] Monitoring queue selected projects. {"runId":21,"projectIds":[3,4,1]}
[2026-05-14 23:10:31] Monitoring queue finished. {"runId":21,"checked":3,"skipped":0,"errors":0,"durationMs":4021}
[2026-05-15 00:43:12] Monitoring queue started. {"runId":22,"batchSize":3,"force":true}
[2026-05-15 00:43:12] Monitoring queue selected projects. {"runId":22,"projectIds":[2,3,4]}
[2026-05-15 00:43:17] Monitoring queue finished. {"runId":22,"checked":3,"skipped":0,"errors":0,"durationMs":4891}
[2026-05-15 00:54:42] Monitoring queue started. {"runId":23,"batchSize":3,"force":true}
[2026-05-15 00:54:42] Monitoring queue selected projects. {"runId":23,"projectIds":[1,2,3]}
[2026-05-15 00:54:46] Monitoring queue finished. {"runId":23,"checked":3,"skipped":0,"errors":0,"durationMs":3726}
[2026-05-15 01:36:21] Monitoring queue started. {"runId":1,"batchSize":3,"force":true}
[2026-05-15 01:36:21] Monitoring queue selected projects. {"runId":1,"projectIds":[5,6]}
[2026-05-15 01:36:21] Monitoring queue finished. {"runId":1,"checked":2,"skipped":0,"errors":0,"durationMs":136}
[2026-05-15 01:36:24] Monitoring queue started. {"runId":2,"batchSize":3,"force":true}
[2026-05-15 01:36:24] Monitoring queue selected projects. {"runId":2,"projectIds":[5,6]}
[2026-05-15 01:36:24] Monitoring queue finished. {"runId":2,"checked":2,"skipped":0,"errors":0,"durationMs":48}
[2026-05-15 01:37:08] Monitoring queue started. {"runId":3,"batchSize":3,"force":true}
[2026-05-15 01:37:08] Monitoring queue selected projects. {"runId":3,"projectIds":[7,8,9]}
[2026-05-15 01:37:08] Monitoring queue finished. {"runId":3,"checked":3,"skipped":0,"errors":0,"durationMs":146}
[2026-05-15 01:37:11] Monitoring queue started. {"runId":4,"batchSize":3,"force":true}
[2026-05-15 01:37:11] Monitoring queue selected projects. {"runId":4,"projectIds":[7,8,9]}
[2026-05-15 01:37:11] Monitoring queue finished. {"runId":4,"checked":3,"skipped":0,"errors":0,"durationMs":62}
[2026-05-15 01:37:40] Monitoring queue started. {"runId":5,"batchSize":3,"force":true}
[2026-05-15 01:37:40] Monitoring queue selected projects. {"runId":5,"projectIds":[10,11,12]}
[2026-05-15 01:37:40] Monitoring queue finished. {"runId":5,"checked":3,"skipped":0,"errors":0,"durationMs":143}
[2026-05-15 01:37:43] Monitoring queue started. {"runId":6,"batchSize":3,"force":true}
[2026-05-15 01:37:43] Monitoring queue selected projects. {"runId":6,"projectIds":[10,11,12]}
[2026-05-15 01:37:43] Monitoring queue finished. {"runId":6,"checked":3,"skipped":0,"errors":0,"durationMs":66}
[2026-05-15 01:38:05] Monitoring queue started. {"runId":7,"batchSize":3,"force":true}
[2026-05-15 01:38:05] Monitoring queue selected projects. {"runId":7,"projectIds":[13,14,15]}
[2026-05-15 01:38:05] Monitoring queue finished. {"runId":7,"checked":3,"skipped":0,"errors":0,"durationMs":158}
[2026-05-15 01:38:08] Monitoring queue started. {"runId":8,"batchSize":3,"force":true}
[2026-05-15 01:38:08] Monitoring queue selected projects. {"runId":8,"projectIds":[13,14,15]}
[2026-05-15 01:38:08] Monitoring queue finished. {"runId":8,"checked":3,"skipped":0,"errors":0,"durationMs":63}
[2026-05-15 09:43:55] Monitoring queue started. {"runId":9,"batchSize":3,"force":true}
[2026-05-15 09:43:55] Monitoring queue selected projects. {"runId":9,"projectIds":[16,17,18]}
[2026-05-15 09:43:55] Monitoring queue finished. {"runId":9,"checked":3,"skipped":0,"errors":0,"durationMs":152}
[2026-05-15 09:43:59] Monitoring queue started. {"runId":10,"batchSize":3,"force":true}
[2026-05-15 09:43:59] Monitoring queue selected projects. {"runId":10,"projectIds":[16,17,18]}
[2026-05-15 09:43:59] Monitoring queue finished. {"runId":10,"checked":3,"skipped":0,"errors":0,"durationMs":75}
[2026-05-15 11:25:33] Monitoring queue started. {"runId":24,"batchSize":3,"force":true}
[2026-05-15 11:25:33] Monitoring queue selected projects. {"runId":24,"projectIds":[4,1,2]}
[2026-05-15 11:25:41] Monitoring queue finished. {"runId":24,"checked":3,"skipped":0,"errors":0,"durationMs":7400}
[2026-05-15 11:32:02] Monitoring queue started. {"runId":25,"batchSize":3,"force":true}
[2026-05-15 11:32:02] Monitoring queue selected projects. {"runId":25,"projectIds":[3,4,1]}
[2026-05-15 11:32:06] Monitoring queue finished. {"runId":25,"checked":3,"skipped":0,"errors":0,"durationMs":4210}
[2026-05-15 11:32:51] Monitoring queue started. {"runId":26,"batchSize":3,"force":true}
[2026-05-15 11:32:51] Monitoring queue selected projects. {"runId":26,"projectIds":[3,2,4]}
[2026-05-15 11:32:55] Monitoring queue finished. {"runId":26,"checked":3,"skipped":0,"errors":0,"durationMs":3517}
[2026-05-15 11:34:01] Monitoring queue started. {"runId":27,"batchSize":3,"force":true}
[2026-05-15 11:34:01] Monitoring queue selected projects. {"runId":27,"projectIds":[3,1,2]}
[2026-05-15 11:34:05] Monitoring queue finished. {"runId":27,"checked":3,"skipped":0,"errors":0,"durationMs":3814}
[2026-05-15 14:08:31] Monitoring queue started. {"runId":28,"batchSize":3,"force":true}
[2026-05-15 14:08:31] Monitoring queue selected projects. {"runId":28,"projectIds":[3,4,1]}
[2026-05-15 14:08:37] Monitoring queue finished. {"runId":28,"checked":3,"skipped":0,"errors":0,"durationMs":5348}
